<?xml version="1.0" encoding="UTF-8"?>
<testsuite name="cn.edu.ctgu.TriangleTest" tests="2" skipped="0" failures="0" errors="0" timestamp="2023-03-10T13:53:32" hostname="LAPTOP-CAPCM030" time="0.017">
  <properties/>
  <testcase name="涓嶇瓑杈逛笁瑙掑舰" classname="cn.edu.ctgu.TriangleTest" time="0.016"/>
  <testcase name="杈撳叆閿欒" classname="cn.edu.ctgu.TriangleTest" time="0.001"/>
  <system-out><![CDATA[]]></system-out>
  <system-err><![CDATA[]]></system-err>
</testsuite>
